<?xml version="1.0" encoding="UTF-8"?>
<!-- Generated by org.testng.reporters.JUnitReportReporter -->
<testsuite name="Gmailsignup_POM.Test_singup" tests="1" time="18.030" ignored="0" failures="0" timestamp="04 Nov 2019 10:16:27 GMT" skipped="0" hostname="Kiran" errors="0">
  <testcase name="signup_page" time="18.030" classname="Gmailsignup_POM.Test_singup"/>
</testsuite> <!-- Gmailsignup_POM.Test_singup -->
